<?xml version="1.0" encoding="UTF-8"?>
<testng-results ignored="0" total="1" passed="1" failed="0" skipped="0">
  <reporter-output>
    <line>
      <![CDATA[Issue is raised successfully]]>
    </line>
  </reporter-output>
  <suite started-at="2023-07-11T10:48:07 IST" name="Suite" finished-at="2023-07-11T10:49:02 IST" duration-ms="54529">
    <groups>
      <group name="regression">
        <method signature="RaiseIssueTest.create2()[pri:0, instance:com.Tms.RaiseIssueTest@6973b51b]" name="create2" class="com.Tms.RaiseIssueTest"/>
      </group> <!-- regression -->
      <group name="smoke">
        <method signature="RaiseIssueTest.create2()[pri:0, instance:com.Tms.RaiseIssueTest@6973b51b]" name="create2" class="com.Tms.RaiseIssueTest"/>
      </group> <!-- smoke -->
    </groups>
    <test started-at="2023-07-11T10:48:07 IST" name="Test" finished-at="2023-07-11T10:49:02 IST" duration-ms="54529">
      <class name="com.Tms.RaiseIssueTest">
        <test-method is-config="true" signature="connectDB()[pri:0, instance:com.Tms.RaiseIssueTest@6973b51b]" started-at="2023-07-11T10:48:07 IST" name="connectDB" finished-at="2023-07-11T10:48:07 IST" duration-ms="14" status="PASS">
          <reporter-output>
          </reporter-output>
        </test-method> <!-- connectDB -->
        <test-method is-config="true" signature="launchBrowser()[pri:0, instance:com.Tms.RaiseIssueTest@6973b51b]" started-at="2023-07-11T10:48:07 IST" name="launchBrowser" finished-at="2023-07-11T10:48:30 IST" duration-ms="22934" status="PASS">
          <reporter-output>
          </reporter-output>
        </test-method> <!-- launchBrowser -->
        <test-method is-config="true" signature="loginToApp()[pri:0, instance:com.Tms.RaiseIssueTest@6973b51b]" started-at="2023-07-11T10:48:30 IST" name="loginToApp" finished-at="2023-07-11T10:48:32 IST" duration-ms="1297" status="PASS">
          <reporter-output>
          </reporter-output>
        </test-method> <!-- loginToApp -->
        <test-method signature="create2()[pri:0, instance:com.Tms.RaiseIssueTest@6973b51b]" started-at="2023-07-11T10:48:32 IST" name="create2" finished-at="2023-07-11T10:49:00 IST" duration-ms="28610" status="PASS">
          <reporter-output>
            <line>
              <![CDATA[Issue is raised successfully]]>
            </line>
          </reporter-output>
        </test-method> <!-- create2 -->
        <test-method is-config="true" signature="logoutFromApp()[pri:0, instance:com.Tms.RaiseIssueTest@6973b51b]" started-at="2023-07-11T10:49:00 IST" name="logoutFromApp" finished-at="2023-07-11T10:49:01 IST" duration-ms="567" status="PASS">
          <reporter-output>
          </reporter-output>
        </test-method> <!-- logoutFromApp -->
        <test-method is-config="true" signature="closeBrowser()[pri:0, instance:com.Tms.RaiseIssueTest@6973b51b]" started-at="2023-07-11T10:49:01 IST" name="closeBrowser" finished-at="2023-07-11T10:49:02 IST" duration-ms="1009" status="PASS">
          <reporter-output>
          </reporter-output>
        </test-method> <!-- closeBrowser -->
        <test-method is-config="true" signature="closeDB()[pri:0, instance:com.Tms.RaiseIssueTest@6973b51b]" started-at="2023-07-11T10:49:02 IST" name="closeDB" finished-at="2023-07-11T10:49:02 IST" duration-ms="1" status="PASS">
          <reporter-output>
          </reporter-output>
        </test-method> <!-- closeDB -->
      </class> <!-- com.Tms.RaiseIssueTest -->
    </test> <!-- Test -->
  </suite> <!-- Suite -->
</testng-results>
